#
# A fatal error has been detected by the Java Runtime Environment:
#
#  EXCEPTION_ACCESS_VIOLATION (0xc0000005) at pc=0x000000006b46320b, pid=7908, tid=0x0000000000001f0c
#
# JRE version: OpenJDK Runtime Environment (8.0_202-b53) (build 1.8.0_202-release-1483-b53)
# Java VM: OpenJDK 64-Bit Server VM (25.202-b53 mixed mode windows-amd64 compressed oops)
# Problematic frame:
# V  [jvm.dll+0x3c320b]
#
# Failed to write core dump. Minidumps are not enabled by default on client versions of Windows
#
# If you would like to submit a bug report, please visit:
#   http://bugreport.java.com/bugreport/crash.jsp
#

---------------  T H R E A D  ---------------

Current thread (0x0000000001e4e800):  GCTaskThread [stack: 0x0000000011c40000,0x0000000011d40000] [id=7948]

siginfo: ExceptionCode=0xc0000005, writing address 0xffffffffffffffe8

Registers:
RAX=0x0000000000000000, RBX=0x000000002240e918, RCX=0x0000000001e59cb0, RDX=0x0000000000000003
RSP=0x0000000011d3f9d0, RBP=0x0000000001e47710, RSI=0x0000000001e4ddc0, RDI=0x000000002240ea20
R8 =0x000000002240eaf0, R9 =0x0000000011d3fa18, R10=0x0000000000000000, R11=0x000000002240e7c0
R12=0x0000000001e46d60, R13=0x0000000001e4ebe0, R14=0x0000000001e4ebf0, R15=0x0000000001e4efc8
RIP=0x000000006b46320b, EFLAGS=0x0000000000010206

Top of Stack: (sp=0x0000000011d3f9d0)
0x0000000011d3f9d0:   0000000001e4ddc0 000000006b47778b
0x0000000011d3f9e0:   0001bb9b00009127 000000002240e918
0x0000000011d3f9f0:   0000000001e47710 00000000d3b38708
0x0000000011d3fa00:   000000002240e7c0 000000006b475925
0x0000000011d3fa10:   0000000012238978 00000000d3b38708
0x0000000011d3fa20:   000000002240e918 0000000015c1f5b8
0x0000000011d3fa30:   0000000000000010 0000000000000000
0x0000000011d3fa40:   000000002240e918 000000002240e970
0x0000000011d3fa50:   0000000011d3fa60 000000006b296792
0x0000000011d3fa60:   000000006b663fd8 0000000000000000
0x0000000011d3fa70:   000000002240e918 0000000011d3fa88
0x0000000011d3fa80:   0000000001e53000 000000006b6642a8
0x0000000011d3fa90:   0000000001e53000 000000002240e918
0x0000000011d3faa0:   0000000001f5de00 0000000001e4e800
0x0000000011d3fab0:   0000000001e46da0 0000000001e4c2a0
0x0000000011d3fac0:   0000000001e4c2b0 0000000001e4c388 

Instructions: (pc=0x000000006b46320b)
0x000000006b4631eb:   41 5d 41 5c 5f 5e c3 b0 01 eb e3 cc cc cc cc cc
0x000000006b4631fb:   cc cc cc cc cc 48 89 5c 24 10 48 89 6c 24 18 56
0x000000006b46320b:   57 41 54 41 55 41 56 48 83 ec 70 45 33 f6 48 8b
0x000000006b46321b:   f9 8b 49 08 8d 04 09 4d 8b e9 49 8b e8 8b f2 45 


Register to memory mapping:

RAX=0x0000000000000000 is an unknown value
RBX=0x000000002240e918 is an unknown value
RCX=0x0000000001e59cb0 is an unknown value
RDX=0x0000000000000003 is an unknown value
RSP=0x0000000011d3f9d0 is an unknown value
RBP=0x0000000001e47710 is an unknown value
RSI=0x0000000001e4ddc0 is an unknown value
RDI=0x000000002240ea20 is an unknown value
R8 =0x000000002240eaf0 is an unknown value
R9 =0x0000000011d3fa18 is an unknown value
R10=0x0000000000000000 is an unknown value
R11=0x000000002240e7c0 is an unknown value
R12=0x0000000001e46d60 is an unknown value
R13=0x0000000001e4ebe0 is an unknown value
R14=0x0000000001e4ebf0 is an unknown value
R15=0x0000000001e4efc8 is an unknown value


Stack: [0x0000000011c40000,0x0000000011d40000],  sp=0x0000000011d3f9d0,  free space=1022k
Native frames: (J=compiled Java code, j=interpreted, Vv=VM code, C=native code)
V  [jvm.dll+0x3c320b]
V  [jvm.dll+0x3d778b]
V  [jvm.dll+0x3d5925]
V  [jvm.dll+0x2599d0]
V  [jvm.dll+0x26f4da]
C  [MSVCR100.dll+0x21d9f]
C  [MSVCR100.dll+0x21e3b]
C  [kernel32.dll+0x159cd]
C  [ntdll.dll+0x2a561]


---------------  P R O C E S S  ---------------

Java Threads: ( => current thread )
  0x0000000017012000 JavaThread "JobScheduler FJ pool 2/3" daemon [_thread_blocked, id=3772, stack(0x000000001f820000,0x000000001f920000)]
  0x0000000017012800 JavaThread "JobScheduler FJ pool 0/3" daemon [_thread_blocked, id=6764, stack(0x000000001a460000,0x000000001a560000)]
  0x0000000017011000 JavaThread "ApplicationImpl pooled thread 125" daemon [_thread_blocked, id=7416, stack(0x0000000019c50000,0x0000000019d50000)]
  0x0000000017010800 JavaThread "ApplicationImpl pooled thread 123" [_thread_blocked, id=8120, stack(0x000000001fae0000,0x000000001fbe0000)]
  0x00000000185ac000 JavaThread "TimerQueue" daemon [_thread_blocked, id=6504, stack(0x000000001d930000,0x000000001da30000)]
  0x00000000185ab000 JavaThread "Netty Builtin Server 2" [_thread_in_native, id=4984, stack(0x000000001d430000,0x000000001d530000)]
  0x00000000185aa800 JavaThread "Batik CleanerThread" daemon [_thread_blocked, id=6784, stack(0x000000001d330000,0x000000001d430000)]
  0x00000000185a9800 JavaThread "MarlinRenderer Disposer" daemon [_thread_blocked, id=6576, stack(0x000000001d230000,0x000000001d330000)]
  0x00000000185a8000 JavaThread "FeatureUsageFileEventLogger" daemon [_thread_blocked, id=1100, stack(0x0000000019b50000,0x0000000019c50000)]
  0x00000000185a7800 JavaThread "BaseDataReader: error stream of fsnotifier64.exe" [_thread_in_native, id=7120, stack(0x000000001c430000,0x000000001c530000)]
  0x00000000185a3800 JavaThread "BaseDataReader: output stream of fsnotifier64.exe" [_thread_blocked, id=2276, stack(0x000000001c330000,0x000000001c430000)]
  0x00000000185a6800 JavaThread "fsnotifier64.exe" [_thread_in_native, id=2440, stack(0x00000000173f0000,0x00000000174f0000)]
  0x00000000185a6000 JavaThread "AWT-EventQueue-0 2019.1.3#WS-191.7479.14 WebStorm, eap:false, os:Windows 7 6.1, java-version:JetBrains s.r.o 1.8.0_202-release-1483-b53" [_thread_blocked, id=8188, stack(0x000000001a860000,0x000000001a960000)]
  0x00000000185a5000 JavaThread "AWT-Shutdown" [_thread_blocked, id=8184, stack(0x000000001a760000,0x000000001a860000)]
  0x00000000178c7800 JavaThread "Periodic tasks thread" daemon [_thread_blocked, id=8152, stack(0x0000000019f60000,0x000000001a060000)]
  0x0000000016c57000 JavaThread "Netty Builtin Server 1" [_thread_in_native, id=8140, stack(0x0000000018aa0000,0x0000000018ba0000)]
  0x0000000017115800 JavaThread "AWT-Windows" daemon [_thread_blocked, id=8024, stack(0x0000000018ba0000,0x0000000018ca0000)]
  0x0000000017129800 JavaThread "Java2D Disposer" daemon [_thread_blocked, id=8016, stack(0x00000000189a0000,0x0000000018aa0000)]
  0x0000000015d14000 JavaThread "Service Thread" daemon [_thread_blocked, id=7992, stack(0x00000000168f0000,0x00000000169f0000)]
  0x0000000015c8d000 JavaThread "C1 CompilerThread2" daemon [_thread_blocked, id=7988, stack(0x00000000167f0000,0x00000000168f0000)]
  0x0000000015c8a000 JavaThread "C2 CompilerThread1" daemon [_thread_blocked, id=7984, stack(0x00000000166f0000,0x00000000167f0000)]
  0x0000000015c75000 JavaThread "C2 CompilerThread0" daemon [_thread_blocked, id=7980, stack(0x00000000165f0000,0x00000000166f0000)]
  0x0000000015c74000 JavaThread "Attach Listener" daemon [_thread_blocked, id=7976, stack(0x00000000164f0000,0x00000000165f0000)]
  0x0000000015c73000 JavaThread "Signal Dispatcher" daemon [_thread_blocked, id=7972, stack(0x00000000163f0000,0x00000000164f0000)]
  0x0000000015c6f800 JavaThread "Surrogate Locker Thread (Concurrent GC)" daemon [_thread_blocked, id=7968, stack(0x00000000162f0000,0x00000000163f0000)]
  0x0000000015310000 JavaThread "Finalizer" daemon [_thread_blocked, id=7964, stack(0x0000000016120000,0x0000000016220000)]
  0x0000000015c60800 JavaThread "Reference Handler" daemon [_thread_blocked, id=7960, stack(0x0000000016020000,0x0000000016120000)]
  0x0000000001f5f000 JavaThread "main" [_thread_in_native, id=7912, stack(0x0000000000030000,0x0000000000130000)]

Other Threads:
  0x0000000015303800 VMThread [stack: 0x0000000015b20000,0x0000000015c20000] [id=7956]
  0x0000000015d19800 WatcherThread [stack: 0x00000000169f0000,0x0000000016af0000] [id=7996]

=>0x0000000001e4e800 (exited) GCTaskThread [stack: 0x0000000011c40000,0x0000000011d40000] [id=7948]

VM state:at safepoint (normal execution)

VM Mutex/Monitor currently owned by a thread:  ([mutex/lock_event])
[0x0000000001f5ccc0] Threads_lock - owner thread: 0x0000000015303800
[0x0000000001f5d240] Heap_lock - owner thread: 0x00000000185a6000

heap address: 0x00000000d1200000, size: 750 MB, Compressed Oops mode: 32-bit
Narrow klass base: 0x0000000000000000, Narrow klass shift: 3
Compressed class space size: 1073741824 Address: 0x0000000100000000

Heap:
 par new generation   total 39296K, used 37999K [0x00000000d1200000, 0x00000000d3ca0000, 0x00000000e0c00000)
  eden space 34944K, 100% used [0x00000000d1200000, 0x00000000d3420000, 0x00000000d3420000)
  from space 4352K,  70% used [0x00000000d3420000, 0x00000000d371bd48, 0x00000000d3860000)
  to   space 4352K,  78% used [0x00000000d3860000, 0x00000000d3bb1808, 0x00000000d3ca0000)
 concurrent mark-sweep generation total 137184K, used 118313K [0x00000000e0c00000, 0x00000000e91f8000, 0x0000000100000000)
 Metaspace       used 175400K, capacity 187197K, committed 187512K, reserved 1212416K
  class space    used 21664K, capacity 23994K, committed 24112K, reserved 1048576K

Card table byte_map: [0x0000000011d40000,0x0000000011ec0000] byte_map_base: 0x00000000116b7000

Marking Bits: (CMSBitMap*) 0x0000000001e99858
 Bits: [0x0000000012400000, 0x0000000012bd0000)

Mod Union Table: (CMSBitMap*) 0x0000000001e99918
 Bits: [0x0000000000270000, 0x000000000028f400)

Polling page: 0x0000000000200000

CodeCache: size=245760Kb used=87374Kb max_used=87388Kb free=158385Kb
 bounds [0x0000000002580000, 0x0000000007b80000, 0x0000000011580000]
 total_blobs=25281 nmethods=24085 adapters=1105
 compilation: enabled

Compilation events (10 events):
Event: 16605.619 Thread 0x0000000015c8a000 33067   !   4       java.awt.Component::addNotify (434 bytes)
Event: 16605.628 Thread 0x0000000015c8d000 33068   !   3       javax.swing.JComponent::paintChildren (691 bytes)
Event: 16605.644 Thread 0x0000000015c8d000 nmethod 33068 0x0000000007b6bdd0 code [0x0000000007b6c320, 0x0000000007b703b8]
Event: 16605.660 Thread 0x0000000015c8a000 nmethod 33067 0x0000000006a03610 code [0x0000000006a03820, 0x0000000006a04530]
Event: 16605.727 Thread 0x0000000015c8d000 33069       3       javax.swing.text.html.CSSBorder::paintBorder (355 bytes)
Event: 16605.730 Thread 0x0000000015c8d000 nmethod 33069 0x0000000005e5cc50 code [0x0000000005e5cfa0, 0x0000000005e5ebb8]
Event: 16609.455 Thread 0x0000000015c8d000 33070       3       javax.swing.JComponent::getObscuredState (220 bytes)
Event: 16609.459 Thread 0x0000000015c8d000 nmethod 33070 0x000000000438e610 code [0x000000000438e840, 0x000000000438f8c8]
Event: 16610.022 Thread 0x0000000015c75000 33071  s    4       com.intellij.ui.JBColor::createContext (48 bytes)
Event: 16610.040 Thread 0x0000000015c75000 nmethod 33071 0x0000000007b49990 code [0x0000000007b49b20, 0x0000000007b4a9b8]

GC Heap History (10 events):
Event: 16557.031 GC heap after
Heap after GC invocations=424 (full 8):
 par new generation   total 39296K, used 2187K [0x00000000d1200000, 0x00000000d3ca0000, 0x00000000e0c00000)
  eden space 34944K,   0% used [0x00000000d1200000, 0x00000000d1200000, 0x00000000d3420000)
  from space 4352K,  50% used [0x00000000d3420000, 0x00000000d3642cc0, 0x00000000d3860000)
  to   space 4352K,   0% used [0x00000000d3860000, 0x00000000d3860000, 0x00000000d3ca0000)
 concurrent mark-sweep generation total 137184K, used 117048K [0x00000000e0c00000, 0x00000000e91f8000, 0x0000000100000000)
 Metaspace       used 175337K, capacity 187127K, committed 187256K, reserved 1212416K
  class space    used 21663K, capacity 23993K, committed 24112K, reserved 1048576K
}
Event: 16557.233 GC heap before
{Heap before GC invocations=424 (full 8):
 par new generation   total 39296K, used 37131K [0x00000000d1200000, 0x00000000d3ca0000, 0x00000000e0c00000)
  eden space 34944K, 100% used [0x00000000d1200000, 0x00000000d3420000, 0x00000000d3420000)
  from space 4352K,  50% used [0x00000000d3420000, 0x00000000d3642cc0, 0x00000000d3860000)
  to   space 4352K,   0% used [0x00000000d3860000, 0x00000000d3860000, 0x00000000d3ca0000)
 concurrent mark-sweep generation total 137184K, used 117048K [0x00000000e0c00000, 0x00000000e91f8000, 0x0000000100000000)
 Metaspace       used 175337K, capacity 187127K, committed 187256K, reserved 1212416K
  class space    used 21663K, capacity 23993K, committed 24112K, reserved 1048576K
Event: 16557.240 GC heap after
Heap after GC invocations=425 (full 8):
 par new generation   total 39296K, used 2446K [0x00000000d1200000, 0x00000000d3ca0000, 0x00000000e0c00000)
  eden space 34944K,   0% used [0x00000000d1200000, 0x00000000d1200000, 0x00000000d3420000)
  from space 4352K,  56% used [0x00000000d3860000, 0x00000000d3ac39c8, 0x00000000d3ca0000)
  to   space 4352K,   0% used [0x00000000d3420000, 0x00000000d3420000, 0x00000000d3860000)
 concurrent mark-sweep generation total 137184K, used 117048K [0x00000000e0c00000, 0x00000000e91f8000, 0x0000000100000000)
 Metaspace       used 175337K, capacity 187127K, committed 187256K, reserved 1212416K
  class space    used 21663K, capacity 23993K, committed 24112K, reserved 1048576K
}
Event: 16557.444 GC heap before
{Heap before GC invocations=425 (full 8):
 par new generation   total 39296K, used 37390K [0x00000000d1200000, 0x00000000d3ca0000, 0x00000000e0c00000)
  eden space 34944K, 100% used [0x00000000d1200000, 0x00000000d3420000, 0x00000000d3420000)
  from space 4352K,  56% used [0x00000000d3860000, 0x00000000d3ac39c8, 0x00000000d3ca0000)
  to   space 4352K,   0% used [0x00000000d3420000, 0x00000000d3420000, 0x00000000d3860000)
 concurrent mark-sweep generation total 137184K, used 117048K [0x00000000e0c00000, 0x00000000e91f8000, 0x0000000100000000)
 Metaspace       used 175337K, capacity 187127K, committed 187256K, reserved 1212416K
  class space    used 21663K, capacity 23993K, committed 24112K, reserved 1048576K
Event: 16557.451 GC heap after
Heap after GC invocations=426 (full 8):
 par new generation   total 39296K, used 2660K [0x00000000d1200000, 0x00000000d3ca0000, 0x00000000e0c00000)
  eden space 34944K,   0% used [0x00000000d1200000, 0x00000000d1200000, 0x00000000d3420000)
  from space 4352K,  61% used [0x00000000d3420000, 0x00000000d36b91f8, 0x00000000d3860000)
  to   space 4352K,   0% used [0x00000000d3860000, 0x00000000d3860000, 0x00000000d3ca0000)
 concurrent mark-sweep generation total 137184K, used 117048K [0x00000000e0c00000, 0x00000000e91f8000, 0x0000000100000000)
 Metaspace       used 175337K, capacity 187127K, committed 187256K, reserved 1212416K
  class space    used 21663K, capacity 23993K, committed 24112K, reserved 1048576K
}
Event: 16557.887 GC heap before
{Heap before GC invocations=426 (full 8):
 par new generation   total 39296K, used 37604K [0x00000000d1200000, 0x00000000d3ca0000, 0x00000000e0c00000)
  eden space 34944K, 100% used [0x00000000d1200000, 0x00000000d3420000, 0x00000000d3420000)
  from space 4352K,  61% used [0x00000000d3420000, 0x00000000d36b91f8, 0x00000000d3860000)
  to   space 4352K,   0% used [0x00000000d3860000, 0x00000000d3860000, 0x00000000d3ca0000)
 concurrent mark-sweep generation total 137184K, used 117048K [0x00000000e0c00000, 0x00000000e91f8000, 0x0000000100000000)
 Metaspace       used 175339K, capacity 187133K, committed 187256K, reserved 1212416K
  class space    used 21664K, capacity 23994K, committed 24112K, reserved 1048576K
Event: 16557.896 GC heap after
Heap after GC invocations=427 (full 8):
 par new generation   total 39296K, used 1702K [0x00000000d1200000, 0x00000000d3ca0000, 0x00000000e0c00000)
  eden space 34944K,   0% used [0x00000000d1200000, 0x00000000d1200000, 0x00000000d3420000)
  from space 4352K,  39% used [0x00000000d3860000, 0x00000000d3a09840, 0x00000000d3ca0000)
  to   space 4352K,   0% used [0x00000000d3420000, 0x00000000d3420000, 0x00000000d3860000)
 concurrent mark-sweep generation total 137184K, used 117884K [0x00000000e0c00000, 0x00000000e91f8000, 0x0000000100000000)
 Metaspace       used 175339K, capacity 187133K, committed 187256K, reserved 1212416K
  class space    used 21664K, capacity 23994K, committed 24112K, reserved 1048576K
}
Event: 16566.303 GC heap before
{Heap before GC invocations=427 (full 8):
 par new generation   total 39296K, used 36646K [0x00000000d1200000, 0x00000000d3ca0000, 0x00000000e0c00000)
  eden space 34944K, 100% used [0x00000000d1200000, 0x00000000d3420000, 0x00000000d3420000)
  from space 4352K,  39% used [0x00000000d3860000, 0x00000000d3a09840, 0x00000000d3ca0000)
  to   space 4352K,   0% used [0x00000000d3420000, 0x00000000d3420000, 0x00000000d3860000)
 concurrent mark-sweep generation total 137184K, used 117884K [0x00000000e0c00000, 0x00000000e91f8000, 0x0000000100000000)
 Metaspace       used 175364K, capacity 187133K, committed 187256K, reserved 1212416K
  class space    used 21664K, capacity 23994K, committed 24112K, reserved 1048576K
Event: 16566.313 GC heap after
Heap after GC invocations=428 (full 8):
 par new generation   total 39296K, used 3055K [0x00000000d1200000, 0x00000000d3ca0000, 0x00000000e0c00000)
  eden space 34944K,   0% used [0x00000000d1200000, 0x00000000d1200000, 0x00000000d3420000)
  from space 4352K,  70% used [0x00000000d3420000, 0x00000000d371bd48, 0x00000000d3860000)
  to   space 4352K,   0% used [0x00000000d3860000, 0x00000000d3860000, 0x00000000d3ca0000)
 concurrent mark-sweep generation total 137184K, used 118077K [0x00000000e0c00000, 0x00000000e91f8000, 0x0000000100000000)
 Metaspace       used 175364K, capacity 187133K, committed 187256K, reserved 1212416K
  class space    used 21664K, capacity 23994K, committed 24112K, reserved 1048576K
}
Event: 16610.073 GC heap before
{Heap before GC invocations=428 (full 8):
 par new generation   total 39296K, used 37999K [0x00000000d1200000, 0x00000000d3ca0000, 0x00000000e0c00000)
  eden space 34944K, 100% used [0x00000000d1200000, 0x00000000d3420000, 0x00000000d3420000)
  from space 4352K,  70% used [0x00000000d3420000, 0x00000000d371bd48, 0x00000000d3860000)
  to   space 4352K,   0% used [0x00000000d3860000, 0x00000000d3860000, 0x00000000d3ca0000)
 concurrent mark-sweep generation total 137184K, used 118077K [0x00000000e0c00000, 0x00000000e91f8000, 0x0000000100000000)
 Metaspace       used 175400K, capacity 187197K, committed 187512K, reserved 1212416K
  class space    used 21664K, capacity 23994K, committed 24112K, reserved 1048576K

Deoptimization events (10 events):
Event: 16556.057 Thread 0x00000000185a6000 Uncommon trap: reason=unstable_if action=reinterpret pc=0x000000000517d150 method=com.intellij.openapi.editor.impl.view.EditorSizeManager.shouldUseLineWidthCache()Z @ 10
Event: 16556.057 Thread 0x00000000185a6000 Uncommon trap: reason=unstable_if action=reinterpret pc=0x0000000006beb5f8 method=com.intellij.openapi.editor.impl.view.EditorSizeManager.calculateLineWidth(Lcom/intellij/openapi/editor/impl/view/VisualLinesIterator;Ljava/lang/Runnable;)I @ 26
Event: 16556.062 Thread 0x00000000185a6000 Uncommon trap: reason=class_check action=maybe_recompile pc=0x0000000007798820 method=com.intellij.ui.components.JBScrollPane.getBackground()Ljava/awt/Color; @ 32
Event: 16556.062 Thread 0x00000000185a6000 Uncommon trap: reason=class_check action=maybe_recompile pc=0x0000000007798820 method=com.intellij.ui.components.JBScrollPane.getBackground()Ljava/awt/Color; @ 32
Event: 16556.073 Thread 0x00000000185a6000 Uncommon trap: reason=class_check action=maybe_recompile pc=0x0000000007798820 method=com.intellij.ui.components.JBScrollPane.getBackground()Ljava/awt/Color; @ 32
Event: 16566.110 Thread 0x0000000017012800 Uncommon trap: reason=class_check action=maybe_recompile pc=0x000000000490f528 method=com.intellij.util.containers.hash.LinkedHashMap.remove(Ljava/lang/Object;)Ljava/lang/Object; @ 127
Event: 16566.239 Thread 0x0000000017012800 Uncommon trap: reason=null_check action=make_not_entrant pc=0x00000000061e334c method=com.intellij.util.CachedValuesManagerImpl.getCachedValueFromExHolder(Lcom/intellij/openapi/util/UserDataHolderEx;Lcom/intellij/openapi/util/Key;Lcom/intellij/psi/util/Ca
Event: 16605.617 Thread 0x00000000185a6000 Uncommon trap: reason=unstable_if action=reinterpret pc=0x000000000517624c method=com.intellij.openapi.editor.impl.view.EditorSizeManager.shouldUseLineWidthCache()Z @ 10
Event: 16605.621 Thread 0x00000000185a6000 Uncommon trap: reason=unstable_if action=reinterpret pc=0x0000000004b38ab4 method=javax.swing.JComponent.getObscuredState(IIIII)I @ 134
Event: 16605.621 Thread 0x00000000185a6000 Uncommon trap: reason=unstable_if action=reinterpret pc=0x0000000006233cb4 method=javax.swing.JComponent.paintChildren(Ljava/awt/Graphics;)V @ 384

Classes redefined (0 events):
No events

Internal exceptions (10 events):
Event: 13887.651 Thread 0x00000000185a6000 Exception <a 'sun/nio/fs/WindowsException'> (0x00000000d25a0dd0) thrown at [C:\BuildAgent\work\d169a5271ee8d3d2\hotspot\src\share\vm\prims\jni.cpp, line 710]
Event: 16311.389 Thread 0x0000000021fc4800 Exception <a 'java/io/FileNotFoundException'> (0x00000000d3093ba8) thrown at [C:\BuildAgent\work\d169a5271ee8d3d2\hotspot\src\share\vm\prims\jni.cpp, line 710]
Event: 16321.946 Thread 0x00000000185a6000 Exception <a 'sun/nio/fs/WindowsException'> (0x00000000d18d4ca0) thrown at [C:\BuildAgent\work\d169a5271ee8d3d2\hotspot\src\share\vm\prims\jni.cpp, line 710]
Event: 16403.537 Thread 0x00000000185a6000 Exception <a 'sun/nio/fs/WindowsException'> (0x00000000d1c777c8) thrown at [C:\BuildAgent\work\d169a5271ee8d3d2\hotspot\src\share\vm\prims\jni.cpp, line 710]
Event: 16406.508 Thread 0x00000000185a6000 Exception <a 'sun/nio/fs/WindowsException'> (0x00000000d20fefe8) thrown at [C:\BuildAgent\work\d169a5271ee8d3d2\hotspot\src\share\vm\prims\jni.cpp, line 710]
Event: 16544.986 Thread 0x00000000185a6000 Exception <a 'java/lang/NoSuchMethodError': <clinit>> (0x00000000d2b1e110) thrown at [C:\BuildAgent\work\d169a5271ee8d3d2\hotspot\src\share\vm\prims\jni.cpp, line 1614]
Event: 16544.987 Thread 0x00000000185a6000 Exception <a 'java/lang/NoSuchMethodError': <clinit>> (0x00000000d2b21b68) thrown at [C:\BuildAgent\work\d169a5271ee8d3d2\hotspot\src\share\vm\prims\jni.cpp, line 1614]
Event: 16544.988 Thread 0x00000000185a6000 Exception <a 'java/lang/NoSuchMethodError': <clinit>> (0x00000000d2b295d0) thrown at [C:\BuildAgent\work\d169a5271ee8d3d2\hotspot\src\share\vm\prims\jni.cpp, line 1614]
Event: 16556.057 Thread 0x00000000185a6000 Implicit null exception at 0x0000000006be89b0 to 0x0000000006beb5dd
Event: 16566.239 Thread 0x0000000017012800 Implicit null exception at 0x00000000061e2c20 to 0x00000000061e3339

Events (10 events):
Event: 16605.617 Thread 0x00000000185a6000 DEOPT PACKING pc=0x000000000517624c sp=0x000000001a95dd00
Event: 16605.617 Thread 0x00000000185a6000 DEOPT UNPACKING pc=0x00000000025c557b sp=0x000000001a95dc90 mode 2
Event: 16605.621 Thread 0x00000000185a6000 Uncommon trap: trap_request=0xffffff65 fr.pc=0x0000000004b38ab4
Event: 16605.621 Thread 0x00000000185a6000 DEOPT PACKING pc=0x0000000004b38ab4 sp=0x000000001a95cef0
Event: 16605.621 Thread 0x00000000185a6000 DEOPT UNPACKING pc=0x00000000025c557b sp=0x000000001a95ce90 mode 2
Event: 16605.621 Thread 0x00000000185a6000 Uncommon trap: trap_request=0xffffff65 fr.pc=0x0000000006233cb4
Event: 16605.621 Thread 0x00000000185a6000 DEOPT PACKING pc=0x0000000006233cb4 sp=0x000000001a95cf80
Event: 16605.621 Thread 0x00000000185a6000 DEOPT UNPACKING pc=0x00000000025c557b sp=0x000000001a95cef0 mode 2
Event: 16607.596 Thread 0x0000000017013800 Thread exited: 0x0000000017013800
Event: 16610.073 Executing VM operation: GenCollectForAllocation


Dynamic libraries:
0x0000000140000000 - 0x0000000140147000 	C:\Program Files\JetBrains\WebStorm 2019.1.3\bin\webstorm64.exe
0x0000000077ae0000 - 0x0000000077c8a000 	C:\Windows\SYSTEM32\ntdll.dll
0x000007fee46b0000 - 0x000007fee46c2000 	C:\Program Files\AVG\Antivirus\aswhook.dll
0x00000000779c0000 - 0x0000000077adf000 	C:\Windows\system32\kernel32.dll
0x000007fefd970000 - 0x000007fefd9da000 	C:\Windows\system32\KERNELBASE.dll
0x00000000778c0000 - 0x00000000779ba000 	C:\Windows\system32\USER32.dll
0x000007fefe0f0000 - 0x000007fefe157000 	C:\Windows\system32\GDI32.dll
0x000007fefe370000 - 0x000007fefe37e000 	C:\Windows\system32\LPK.dll
0x000007fefe630000 - 0x000007fefe6fb000 	C:\Windows\system32\USP10.dll
0x000007fefef20000 - 0x000007fefefbf000 	C:\Windows\system32\msvcrt.dll
0x000007fefdb90000 - 0x000007fefdc6b000 	C:\Windows\system32\ADVAPI32.dll
0x000007fefdf40000 - 0x000007fefdf5f000 	C:\Windows\SYSTEM32\sechost.dll
0x000007fefe240000 - 0x000007fefe36d000 	C:\Windows\system32\RPCRT4.dll
0x000007feff060000 - 0x000007feffdea000 	C:\Windows\system32\SHELL32.dll
0x000007fefe380000 - 0x000007fefe3f1000 	C:\Windows\system32\SHLWAPI.dll
0x000007fefe600000 - 0x000007fefe62e000 	C:\Windows\system32\IMM32.DLL
0x000007fefed90000 - 0x000007fefee99000 	C:\Windows\system32\MSCTF.dll
0x000000006b0a0000 - 0x000000006b8e6000 	C:\Program Files\JetBrains\WebStorm 2019.1.3\jre64\bin\server\jvm.dll
0x000007fefa390000 - 0x000007fefa399000 	C:\Windows\system32\WSOCK32.dll
0x000007fefec20000 - 0x000007fefec6d000 	C:\Windows\system32\WS2_32.dll
0x000007fefec10000 - 0x000007fefec18000 	C:\Windows\system32\NSI.dll
0x000007fef75c0000 - 0x000007fef75fb000 	C:\Windows\system32\WINMM.dll
0x000007fefc860000 - 0x000007fefc86c000 	C:\Windows\system32\VERSION.dll
0x0000000077cb0000 - 0x0000000077cb7000 	C:\Windows\system32\PSAPI.DLL
0x000000006e1a0000 - 0x000000006e272000 	C:\Program Files\JetBrains\WebStorm 2019.1.3\jre64\bin\MSVCR100.dll
0x000007fef4520000 - 0x000007fef452f000 	C:\Program Files\JetBrains\WebStorm 2019.1.3\jre64\bin\verify.dll
0x000007fef4120000 - 0x000007fef4149000 	C:\Program Files\JetBrains\WebStorm 2019.1.3\jre64\bin\java.dll
0x000007fef4160000 - 0x000007fef4176000 	C:\Program Files\JetBrains\WebStorm 2019.1.3\jre64\bin\zip.dll
0x000007fefe400000 - 0x000007fefe5fc000 	C:\Windows\system32\ole32.dll
0x000007fefd7d0000 - 0x000007fefd7df000 	C:\Windows\system32\profapi.dll
0x000007fee71c0000 - 0x000007fee71e4000 	C:\Program Files\JetBrains\WebStorm 2019.1.3\jre64\bin\sunec.dll
0x000007fece350000 - 0x000007fece4ec000 	C:\Program Files\JetBrains\WebStorm 2019.1.3\jre64\bin\awt.dll
0x000007fefb990000 - 0x000007fefb9a8000 	C:\Windows\system32\dwmapi.dll
0x000007fefe160000 - 0x000007fefe23a000 	C:\Windows\system32\OLEAUT32.dll
0x000007fecdf80000 - 0x000007fece344000 	C:\Windows\system32\d2d1.dll
0x000007fef5a10000 - 0x000007fef5ab0000 	C:\Windows\WinSxS\amd64_microsoft.windows.common-controls_6595b64144ccf1df_5.82.7601.18837_none_a4d981ff711297b6\COMCTL32.dll
0x000007fefc3c0000 - 0x000007fefc416000 	C:\Windows\system32\uxtheme.dll
0x000007fefd670000 - 0x000007fefd67f000 	C:\Windows\system32\CRYPTBASE.dll
0x000007fef4100000 - 0x000007fef411a000 	C:\Program Files\JetBrains\WebStorm 2019.1.3\jre64\bin\net.dll
0x000007fefcfa0000 - 0x000007fefcff5000 	C:\Windows\system32\mswsock.dll
0x000007fefcf90000 - 0x000007fefcf97000 	C:\Windows\System32\wship6.dll
0x000007fee71a0000 - 0x000007fee71b1000 	C:\Program Files\JetBrains\WebStorm 2019.1.3\jre64\bin\nio.dll
0x000007fefd000000 - 0x000007fefd018000 	C:\Windows\system32\CRYPTSP.dll
0x000007fefcd00000 - 0x000007fefcd47000 	C:\Windows\system32\rsaenh.dll
0x000007fefdb60000 - 0x000007fefdb7f000 	C:\Windows\system32\USERENV.dll
0x000007fefaef0000 - 0x000007fefaf17000 	C:\Windows\system32\IPHLPAPI.DLL
0x000007fefaee0000 - 0x000007fefaeeb000 	C:\Windows\system32\WINNSI.DLL
0x000007fefacf0000 - 0x000007fefad08000 	C:\Windows\system32\dhcpcsvc.DLL
0x000007fefacd0000 - 0x000007feface1000 	C:\Windows\system32\dhcpcsvc6.DLL
0x000007fefc980000 - 0x000007fefc987000 	C:\Windows\System32\wshtcpip.dll
0x000007fef4510000 - 0x000007fef451d000 	C:\Program Files\JetBrains\WebStorm 2019.1.3\jre64\bin\management.dll
0x000007fed5890000 - 0x000007fed58d2000 	C:\Users\Дмитрий\.WebStorm2019.1\system\tmp\jna6357779376933598333.dll
0x000007fef4370000 - 0x000007fef4373000 	C:\Windows\system32\api-ms-win-core-synch-l1-2-0.DLL
0x000007fee4460000 - 0x000007fee447b000 	C:\Program Files\JetBrains\WebStorm 2019.1.3\bin\IdeaWin64.dll
0x000007fece5f0000 - 0x000007fece682000 	C:\Program Files\JetBrains\WebStorm 2019.1.3\jre64\bin\freetype.dll
0x000007fece540000 - 0x000007fece5e3000 	C:\Program Files\JetBrains\WebStorm 2019.1.3\jre64\bin\fontmanager.dll
0x000007fef71d0000 - 0x000007fef72ed000 	C:\Windows\system32\opengl32.dll
0x000007fef71a0000 - 0x000007fef71cd000 	C:\Windows\system32\GLU32.dll
0x000007fef5d00000 - 0x000007fef5df1000 	C:\Windows\system32\DDRAW.dll
0x000007fefa170000 - 0x000007fefa178000 	C:\Windows\system32\DCIMAN32.dll
0x000007fefe700000 - 0x000007fefe8d7000 	C:\Windows\system32\SETUPAPI.dll
0x000007fefd860000 - 0x000007fefd896000 	C:\Windows\system32\CFGMGR32.dll
0x000007fefd950000 - 0x000007fefd96a000 	C:\Windows\system32\DEVOBJ.dll
0x000007fece500000 - 0x000007fece539000 	C:\Program Files\JetBrains\WebStorm 2019.1.3\jre64\bin\splashscreen.dll
0x000007fef4150000 - 0x000007fef4157000 	C:\Program Files\JetBrains\WebStorm 2019.1.3\jre64\bin\jawt.dll
0x000007fefd610000 - 0x000007fefd667000 	C:\Windows\system32\apphelp.dll
0x000007fefecf0000 - 0x000007fefed89000 	C:\Windows\system32\CLBCatQ.DLL
0x000007fefbd80000 - 0x000007fefbf74000 	C:\Windows\WinSxS\amd64_microsoft.windows.common-controls_6595b64144ccf1df_6.0.7601.23403_none_e36ad4593102f066\comctl32.dll
0x000007fefb7e0000 - 0x000007fefb941000 	C:\Windows\system32\WindowsCodecs.dll
0x000007fef99d0000 - 0x000007fef9a05000 	C:\Windows\system32\EhStorShell.dll
0x000007fefc490000 - 0x000007fefc5bc000 	C:\Windows\system32\PROPSYS.dll
0x000007fef9950000 - 0x000007fef99ce000 	C:\Windows\System32\cscui.dll
0x000007fef9940000 - 0x000007fef994c000 	C:\Windows\System32\CSCDLL.dll
0x000007fef9930000 - 0x000007fef993f000 	C:\Windows\system32\CSCAPI.dll
0x000007fef98b0000 - 0x000007fef9930000 	C:\Windows\system32\ntshrui.dll
0x000007fefd2a0000 - 0x000007fefd2c3000 	C:\Windows\system32\srvcli.dll
0x000007fefaf80000 - 0x000007fefaf8b000 	C:\Windows\system32\slc.dll
0x000007fefd720000 - 0x000007fefd734000 	C:\Windows\system32\RpcRtRemote.dll
0x000007fef9a20000 - 0x000007fef9bea000 	C:\Windows\system32\explorerframe.dll
0x000007fefb9f0000 - 0x000007fefba33000 	C:\Windows\system32\DUser.dll
0x000007fefba60000 - 0x000007fefbb52000 	C:\Windows\system32\DUI70.dll
0x000007fef8120000 - 0x000007fef820e000 	C:\Windows\system32\actxprxy.dll
0x000007fee7170000 - 0x000007fee717b000 	C:\Program Files\JetBrains\WebStorm 2019.1.3\jre64\bin\sunmscapi.dll
0x000007fefd9f0000 - 0x000007fefdb5d000 	C:\Windows\system32\CRYPT32.dll
0x000007fefd7e0000 - 0x000007fefd7ef000 	C:\Windows\system32\MSASN1.dll
0x000007fefb020000 - 0x000007fefb035000 	C:\Windows\system32\NLAapi.dll
0x000007fef4d00000 - 0x000007fef4d15000 	C:\Windows\system32\napinsp.dll
0x000007fef4ce0000 - 0x000007fef4cf9000 	C:\Windows\system32\pnrpnsp.dll
0x000007fefce20000 - 0x000007fefce7b000 	C:\Windows\system32\DNSAPI.dll
0x000007fef42a0000 - 0x000007fef42ab000 	C:\Windows\System32\winrnr.dll
0x000007fef4290000 - 0x000007fef42a0000 	C:\Windows\system32\wshbth.dll
0x0000000075410000 - 0x0000000075436000 	C:\Program Files\Bonjour\mdnsNSP.dll
0x000007fefad90000 - 0x000007fefade3000 	C:\Windows\System32\fwpuclnt.dll
0x000007fefba50000 - 0x000007fefba58000 	C:\Windows\system32\rasadhlp.dll
0x000007fecd110000 - 0x000007fecd14e000 	C:\Program Files\JetBrains\WebStorm 2019.1.3\jre64\bin\lcms.dll
0x0000000180000000 - 0x0000000180069000 	C:\Program Files\Elantech\ETDApix.dll
0x000007fefa0f0000 - 0x000007fefa161000 	C:\Windows\system32\WINSPOOL.DRV
0x000007fef8b10000 - 0x000007fef8c35000 	C:\Windows\system32\dbghelp.dll

VM Arguments:
jvm_args: -Xms128m -Xmx750m -XX:ReservedCodeCacheSize=240m -XX:+UseConcMarkSweepGC -XX:SoftRefLRUPolicyMSPerMB=50 -ea -Dsun.io.useCanonCaches=false -Djava.net.preferIPv4Stack=true -Djdk.http.auth.tunneling.disabledSchemes="" -XX:+HeapDumpOnOutOfMemoryError -XX:-OmitStackTraceInFastThrow -Djb.vmOptionsFile=C:\Program Files\JetBrains\WebStorm 2019.1.3\bin\webstorm64.exe.vmoptions -Didea.platform.prefix=WebStorm -Dide.native.launcher=true -Didea.paths.selector=WebStorm2019.1 -XX:ErrorFile=C:\Users\<8B@89\java_error_in_webstorm_%p.log -XX:HeapDumpPath=C:\Users\<8B@89\java_error_in_webstorm.hprof 
java_command: <unknown>
java_class_path (initial): C:\Program Files\JetBrains\WebStorm 2019.1.3\lib\bootstrap.jar;C:\Program Files\JetBrains\WebStorm 2019.1.3\lib\extensions.jar;C:\Program Files\JetBrains\WebStorm 2019.1.3\lib\util.jar;C:\Program Files\JetBrains\WebStorm 2019.1.3\lib\jdom.jar;C:\Program Files\JetBrains\WebStorm 2019.1.3\lib\log4j.jar;C:\Program Files\JetBrains\WebStorm 2019.1.3\lib\trove4j.jar;C:\Program Files\JetBrains\WebStorm 2019.1.3\lib\jna.jar
Launcher Type: generic

Environment Variables:
PATH=C:\Program Files (x86)\AMD APP\bin\x86_64;C:\Program Files (x86)\AMD APP\bin\x86;C:\Windows\system32;C:\Windows;C:\Windows\System32\Wbem;C:\Windows\System32\WindowsPowerShell\v1.0\;C:\Program Files (x86)\ATI Technologies\ATI.ACE\Core-Static;
USERNAME=Дмитрий
OS=Windows_NT
PROCESSOR_IDENTIFIER=AMD64 Family 18 Model 1 Stepping 0, AuthenticAMD



---------------  S Y S T E M  ---------------

OS: Windows 7 , 64 bit Build 7601 (6.1.7601.23915)

CPU:total 4 (initial active 4) (4 cores per cpu, 1 threads per core) family 18 model 1 stepping 0, cmov, cx8, fxsr, mmx, sse, sse2, sse3, popcnt, mmxext, 3dnowpref, lzcnt, sse4a, tsc, tscinvbit, tscinv

Memory: 4k page, physical 7842372k(1357728k free), swap 15682884k(6881080k free)

vm_info: OpenJDK 64-Bit Server VM (25.202-b53) for windows-amd64 JRE (1.8.0_202-release-1483-b53), built on Apr 25 2019 15:49:55 by "builduser" with MS VC++ 10.0 (VS2010)

time: Tue Jul 16 17:39:07 2019
timezone: Романское время (зима)
elapsed time: 16610 seconds (0d 4h 36m 50s)

